C51 COMPILER V5.10,  SN-  MC                                                               03/05/00  16:17:39  PAGE 1   


DOS C51 COMPILER V5.10, COMPILATION OF MODULE MC
OBJECT MODULE PLACED IN MC.OBJ
COMPILER INVOKED BY: E:\KEILC\BIN\C51.EXE MC.C

stmt level    source

   1          /*==========================*/
   2          /*	File Name:MC.C			*/
   3          /*	Start:1999.03.08		*/
   4          /*==========================*/
   5          
   6          /*==========================*/
   7          /*	Include Head File		*/
   8          /*==========================*/
   9          #include <AT89x51.h>
  10          /*#include<\3h\cpx51.h>
  11          sbit WR=P3^5;
  12          sbit RD=P3^6;
  13          sbit INT1=P3^7;
  14          */
  15          
  16          /*----------------------*/
  17          /*	ERROR CODE	*/
  18          /*----------------------*/
  19          #define ERROR_NONUMBER		128     /*  no useable number   */
  20          #define	ERROR_NUMBER		129
  21          
  22          /*----------------------*/
  23          /*      EPROM操作代码   */
  24          /*----------------------*/
  25          #define EWEN    0x0100
  26          #define EWDS    0
  27          #define ERAL    0x0300
  28          #define ERASE   0x0200
  29          
  30          sbit senable=P3^4;          /* RS485 send enable */
  31          sbit cs=P3^3;
  32          sbit Do=P3^5;
  33          sbit di=P0^0;
  34          sbit clk=P1^3;
  35          /*
  36          sbit cs=P1^0;
  37          sbit clk=P1^1;
  38          sbit di=P1^2;
  39          sbit Do=P1^3;
  40          */
  41          /*==========================*/
  42          /*	8250 Reg Define			*/
  43          /*==========================*/
  44          #define Baudlow 	0
  45          #define Baudhigh	1
  46          #define Intid		2
  47          #define Linecontrol	3
  48          #define Modemcontrol	4
  49          #define Linestatus	5
  50          #define Modemstatus	6
  51          
  52          /*==========================*/
  53          /*	Hardware IO Define		*/
  54          /*==========================*/
  55          #define comport 	P2          /* use P2.0-P2.2 to select 8250 register    */
C51 COMPILER V5.10,  SN-  MC                                                               03/05/00  16:17:39  PAGE 2   

  56          #define dataport	P0          /* data bus between 8250 */
  57          /*#define WR			P36
  58          #define RD			P37*/
  59          
  60          /*------------------------------*/
  61          /*  keyboard value table        */
  62          /*------------------------------*/
  63          #define NO  0xf
  64          #define k1 0x70 
  65          #define k2 0xb0
  66          #define k3 0xd0
  67          #define k4 0xe0
  68          
  69          sbit L1=P1^4;       /*LED 1-4*/
  70          sbit L2=P1^5;
  71          sbit L3=P1^6;
  72          sbit L4=P1^7;
  73          sbit s1=P1^0;      /* Video&Audio Channel select */
  74          sbit s2=P1^1;
  75          sbit s3=P1^2;
  76          
  77          sbit cs8250=P2^3;
  78          bit received=0,fault=0;
  79          unsigned char buf[4],PCbuf[4];
  80          
  81          unsigned char addr;
  82          unsigned char num;
  83          unsigned char status;
  84          unsigned char baodao;
  85          unsigned char zancheng;
  86          unsigned char fandui;
  87          unsigned char qiquan;
  88          unsigned char weian;
  89          unsigned char ch;
  90          
  91          void Write8250(unsigned char reg,unsigned char com);
  92          unsigned char Read8250(unsigned char reg);
  93          unsigned char Receivedpc(void);
  94          void send(unsigned char com);
  95          void tdelay(unsigned char);
  96          void sendframe(void);
  97          
  98          DELAY()             /* 93C46 cycle clock    */
  99          {
 100   1          clk=1;
 101   1          clk=0;
 102   1      }
 103           
 104          /*----------------------*/
 105          /*  EPROM设置及擦除程序 */
 106          /*  command=00H,EWDS  */
 107          /*  command=01H,EWEN  */
 108          /*----------------------*/
 109          void set_eprom(int command)
 110          {
 111   1          char k;
 112   1          union a{
 113   1              int com;
 114   1              char opr[2];
 115   1          }set;
 116   1          set.com=command;
 117   1          cs=clk=di=0;
C51 COMPILER V5.10,  SN-  MC                                                               03/05/00  16:17:39  PAGE 3   

 118   1          Do=1;
 119   1          cs=1;
 120   1          while(!Do);
 121   1          di=1;
 122   1          DELAY();
 123   1          switch(set.opr[0]){
 124   2              case 0:{
 125   3                  set.opr[1]=0;
 126   3                  break;
 127   3              }
 128   2              case 1:{
 129   3                  set.opr[1]=0x30;
 130   3                  break;
 131   3              }
 132   2              case 2:{
 133   3                  set.opr[1]|=0xc0;
 134   3                  break;
 135   3              }
 136   2              case 3:{
 137   3                  set.opr[1]=0x20;
 138   3                  break;
 139   3              }
 140   2          }
 141   1          for(k=0;k<8;k++){
 142   2              di=set.opr[1]>>7;
 143   2              DELAY();
 144   2              set.opr[1]<<=1;
 145   2          }
 146   1          cs=clk=di=0;
 147   1      }
 148          
 149          void write_eprom(unsigned char address,int Data)
 150          {
 151   1          char k;
 152   1          set_eprom(EWEN);
 153   1          address|=0x40;
 154   1          cs=clk=di=0;
 155   1          Do=1;
 156   1          cs=1;
 157   1          while(!Do);
 158   1          di=1;
 159   1          DELAY();
 160   1          for(k=0;k<8;k++){
 161   2              di=address>>7;
 162   2              DELAY();
 163   2              address<<=1;
 164   2          }
 165   1          for(k=0;k<16;k++){
 166   2              di=Data>>15;
 167   2              DELAY();
 168   2              Data<<=1;
 169   2          }
 170   1          cs=clk=di=0;
 171   1          set_eprom(EWDS);
 172   1      }
 173          
 174          /*------------------*/
 175          /*  EPROM读出程序   */
 176          /*------------------*/
 177          int eprom(unsigned char address)
 178          {
 179   1          char k,i;
C51 COMPILER V5.10,  SN-  MC                                                               03/05/00  16:17:39  PAGE 4   

 180   1          int result;
 181   1          address|=0x80;
 182   1          for(i=0;i<10;i++){
 183   2              cs=clk=di=0;
 184   2              Do=1;
 185   2              cs=1;
 186   2              while(!Do);
 187   2              cs=1;
 188   2              di=1;
 189   2              DELAY();
 190   2              for(k=0;k<8;k++){
 191   3                  di=address>>7;
 192   3                  DELAY();
 193   3                  address<<=1;
 194   3              }
 195   2              if(Do==0)goto OK;
 196   2          }
 197   1          cs=clk=di=0;
 198   1          return -1;
 199   1      OK:
 200   1          for(k=0;k<16;k++){
 201   2              result<<=1;
 202   2              DELAY();
 203   2              result=result|Do;
 204   2          }
 205   1          cs=clk=di=0;
 206   1          return result;
 207   1      }
 208          
 209          unsigned char kbhit()       /* key press ?  */
 210          {
 211   1          if((P2&0xf0)==0xf0)return 0;else return 1;
 212   1      }
 213          
 214          unsigned char getch()       /* read key     */
 215          {
 216   1          unsigned char j;
 217   1          j=P2&0xf0;
 218   1          if(j==0xf0)return NO;
 219   1          tdelay(20);
 220   1          if(j==(P2&0xf0)){
 221   2              return j;
 222   2          }
 223   1          return NO;
 224   1      }
 225          	
 226          void serial() interrupt 4 using 2       /* serial receive form rs485 bus */
 227          {
 228   1      	static unsigned char ibuf[4],ipoint;
 229   1      	static bit rec;
 230   1      /*	unsigned char i;*/
 231   1      	if(RI){
 232   2      		RI=0;
 233   2      /*		Write8250(0,SBUF);*/
 234   2      		if(SBUF==0xaa){             /* frame format: 0xaa,data1,data2,0xbb */
 235   3      			ipoint=0;
 236   3      			rec=0;
 237   3      		}
 238   2      		if(!rec){
 239   3      			ibuf[ipoint]=SBUF;
 240   3      			ipoint++;
 241   3      			if(ipoint>=4){
C51 COMPILER V5.10,  SN-  MC                                                               03/05/00  16:17:39  PAGE 5   

 242   4      				if(ibuf[3]==0xbb){
 243   5      					buf[1]=ibuf[1];
 244   5      					buf[2]=ibuf[2];
 245   5      					received=1;
 246   5      					ipoint=0;
 247   5      					rec=1;
 248   5      				}
 249   4      				else ipoint=0;
 250   4      			}
 251   3          	}
 252   2          }
 253   1          else{
 254   2          	senable=0;
 255   2          	TI=0;
 256   2          }
 257   1      }
 258          
 259          sendtoclient(unsigned char cc)
 260          {
 261   1      	while(senable);
 262   1      	senable=1;
 263   1      	SBUF=cc;
 264   1      /*	tdelay(10);*/
 265   1      }
 266          
 267          unsigned char readclient()
 268          {
 269   1      	unsigned char i;
 270   1      	for(i=0;i<20;i++){
 271   2      		if(received){
 272   3      			received=0;
 273   3      			return 1;
 274   3      		}
 275   2      		tdelay(10);
 276   2      	}
 277   1      	return 0;
 278   1      }
 279          
 280          void main(void)
 281          {
 282   1      	unsigned char i,j;
 283   1      	bit flag;
 284   1      	INT1=0;
 285   1      	L1=L2=L3=L4=0;
 286   1      	s1=s2=s3=0;
 287   1      	L1=1;
 288   1      	senable=0;
 289   1      	SCON=0x50;
 290   1      	PCON=0;
 291   1      	TMOD=0x20;
 292   1      	TH1=0xe8;
 293   1      	IE=0x90;
 294   1      	TR1=1;
 295   1      	cs8250=1;
 296   1      	WR=RD=1;
 297   1      	tdelay(250);
 298   1      	Write8250(Linecontrol,0x80);
 299   1      	Write8250(Baudlow,0xc);
 300   1      	Write8250(Baudhigh,0);
 301   1      	Write8250(Linecontrol,3);
 302   1      	Write8250(Modemcontrol,0xb);
 303   1      	Write8250(Linecontrol,Read8250(Linecontrol)&0x7f);
C51 COMPILER V5.10,  SN-  MC                                                               03/05/00  16:17:39  PAGE 6   

 304   1      	Write8250(Modemcontrol,2);
 305   1      	addr=eprom(63);
 306   1      	while(1){
 307   2      		if(received){
 308   3      			received=0;
 309   3      			switch(buf[2]){
 310   4      				case 'R':{
 311   5      					for(i=0;i<64;i++){
 312   6      						if(eprom(i)!=0x1111){
 313   7      							j=0;
 314   7      							flag=1;
 315   7      							while(flag){
 316   8      								sendtoclient(0xaa);
 317   8      								sendtoclient(i);
 318   8      								sendtoclient(i);
 319   8      								sendtoclient(0xcc);
 320   8      								/*if(readclient()){
 321   8      									send(buf[1]+48);
 322   8      									if(buf[2]==0xdd)send('d');else send('e');
 323   8      									if((buf[1]==i)&&(buf[2]==0xdd)){*/
 324   8      										write_eprom(i,0x1111);
 325   8      										num+=1;
 326   8      										/*send('R');
 327   8      										send('=');
 328   8      										send(i/10+48);
 329   8      										send((i%10)+48);*/
 330   8      										sendframe();
 331   8      										flag=0;;
 332   8      									/*}
 333   8      								}*/
 334   8      								j++;
 335   8      								if(j==10){
 336   9      									status=ERROR_NUMBER;
 337   9      									sendframe();
 338   9      									flag=0;;
 339   9      								}
 340   8      							}
 341   7      							break;
 342   7      						}
 343   6      					}
 344   5      					if(i==64){
 345   6      						status=ERROR_NONUMBER;
 346   6      						sendframe();
 347   6      					}
 348   5      					break;
 349   5      				}
 350   4      			}
 351   3      		}
 352   2      		if(Receivedpc()){
 353   3      			if(PCbuf[1]==addr){
 354   4      				switch(PCbuf[2]){
 355   5      					case 0xe0:{		/*	进入编号状态	*/
 356   6      						sendtoclient(0xaa);
 357   6      						sendtoclient(0xee);
 358   6      						sendtoclient(0xe0);
 359   6      						sendtoclient(0xcc);
 360   6      						sendtoclient(0xaa);
 361   6      						sendtoclient(0xee);
 362   6      						sendtoclient(0xe0);
 363   6      						sendtoclient(0xcc);
 364   6      						sendtoclient(0xaa);
 365   6      						sendtoclient(0xee);
C51 COMPILER V5.10,  SN-  MC                                                               03/05/00  16:17:39  PAGE 7   

 366   6      						sendtoclient(0xe0);
 367   6      						sendtoclient(0xcc);
 368   6      						status=5;
 369   6      						sendframe();
 370   6      						break;
 371   6      					}
 372   5      					case 0xd0:{		/*	统计表决器数量	*/
 373   6      						num=0;
 374   6      						for(i=0;i<64;i++){
 375   7      							if(eprom(i)==0x1111){
 376   8      								sendtoclient(0xaa);
 377   8      								sendtoclient(i);
 378   8      								sendtoclient(0xc0);
 379   8      								sendtoclient(0xcc);
 380   8      								if(readclient()){
 381   9      									if(buf[1]==i){
 382  10      										if(buf[2]==0xc1){
 383  11      											num+=1;
 384  11      										}
 385  10      										else write_eprom(i,0);
 386  10      									}
 387   9      								}
 388   8      							}
 389   7      						}
 390   6      						status=6;
 391   6      						sendframe();
 392   6      						status=0;
 393   6      						break;
 394   6      					}
 395   5      					case 0xe3:{		/*	进入报到状态	*/
 396   6      						sendtoclient(0xaa);
 397   6      						sendtoclient(0xee);
 398   6      						sendtoclient('C');
 399   6      						sendtoclient(0xcc);
 400   6      						sendtoclient(0xaa);
 401   6      						sendtoclient(0xee);
 402   6      						sendtoclient('C');
 403   6      						sendtoclient(0xcc);
 404   6      						sendtoclient(0xaa);
 405   6      						sendtoclient(0xee);
 406   6      						sendtoclient('C');
 407   6      						sendtoclient(0xcc);
 408   6      						status=1;
 409   6      						sendframe();
 410   6      						break;
 411   6      					}
 412   5      					case 0xe4:{		/*	统计报到人数	*/
 413   6      						baodao=0;
 414   6      						for(i=0;i<64;i++){
 415   7      							if(eprom(i)==0x1111){
 416   8      								sendtoclient(0xaa);
 417   8      								sendtoclient(i);
 418   8      								sendtoclient(0xd0);
 419   8      								sendtoclient(0xcc);
 420   8      								if(readclient()){
 421   9      									if(buf[1]==i){
 422  10      										if(buf[2]=='0')baodao+=1;
 423  10      									}
 424   9      								}
 425   8      							}
 426   7      						}
 427   6      						status=2;
C51 COMPILER V5.10,  SN-  MC                                                               03/05/00  16:17:39  PAGE 8   

 428   6      						sendframe();
 429   6      						status=0;
 430   6      						break;
 431   6      					}
 432   5      					case 0xe5:{		/*	进入表决状态	*/
 433   6      						sendtoclient(0xaa);
 434   6      						sendtoclient(0xee);
 435   6      						sendtoclient('B');
 436   6      						sendtoclient(0xcc);
 437   6      						sendtoclient(0xaa);
 438   6      						sendtoclient(0xee);
 439   6      						sendtoclient('B');
 440   6      						sendtoclient(0xcc);
 441   6      						sendtoclient(0xaa);
 442   6      						sendtoclient(0xee);
 443   6      						sendtoclient('B');
 444   6      						sendtoclient(0xcc);
 445   6      						status=3;
 446   6      						sendframe();
 447   6      						break;
 448   6      					}
 449   5      					case 0xe6:{		/*	统计表决结果	*/
 450   6      						zancheng=fandui=qiquan=weian=0;
 451   6      						for(i=0;i<64;i++){
 452   7      							if(eprom(i)==0x1111){
 453   8      								sendtoclient(0xaa);
 454   8      								sendtoclient(i);
 455   8      								sendtoclient(0xd0);
 456   8      								sendtoclient(0xcc);
 457   8      								if(readclient()){
 458   9      									if(buf[1]==i){
 459  10      										switch(buf[2]){
 460  11      											case 'N':weian+=1;break;
 461  11      											case '1':qiquan+=1;break;
 462  11      											case '2':fandui+=1;break;
 463  11      											case '3':zancheng+=1;break;
 464  11      											default:fault=1;
 465  11      										}
 466  10      									}
 467   9      								}
 468   8      							}
 469   7      						}
 470   6      						status=4;
 471   6      						sendframe();
 472   6      						status=0;
 473   6      						break;
 474   6      					}
 475   5      					case 0xf1:{
 476   6      						L1=1;
 477   6      						s1=s2=s3=0;
 478   6      						L2=L3=L4=0;
 479   6      						ch=1;
 480   6      						sendframe();
 481   6      						break;
 482   6      					}
 483   5      					case 0xf2:{
 484   6      						L2=1;
 485   6      						L1=L3=L4=0;
 486   6      						s1=1;
 487   6      						s2=s3=0;
 488   6      						ch=2;
 489   6      						sendframe();
C51 COMPILER V5.10,  SN-  MC                                                               03/05/00  16:17:39  PAGE 9   

 490   6      						break;
 491   6      					}
 492   5      					case 0xf3:{
 493   6      						L3=1;
 494   6      						L1=L2=L4=0;
 495   6      						s2=1;
 496   6      						s1=s3=0;
 497   6      						ch=3;
 498   6      						sendframe();
 499   6      						break;
 500   6      					}
 501   5      					case 0xf4:{
 502   6      						L4=1;
 503   6      						L1=L2=L3=0;
 504   6      						s2=1;
 505   6      						s1=1;
 506   6      						s3=0;
 507   6      						ch=4;
 508   6      						sendframe();
 509   6      						break;
 510   6      					}
 511   5      					default:;
 512   5      				}
 513   4      			}
 514   3      			if(PCbuf[1]==0xee){
 515   4      				switch(PCbuf[2]){
 516   5      					case 0xef:{		/*	进入控制器编号状态	*/
 517   6      						status=7;
 518   6      						for(i=0;i<64;i++)write_eprom(i,0xffff);
 519   6      						num=0;
 520   6      						L1=L2=L3=L4=1;
 521   6         	 					while(!kbhit());
 522   6         	   				    L1=L2=L3=L4=0;
 523   6         	   		            tdelay(200);
 524   6         	   	             	L1=L2=L3=L4=1;
 525   6         	 					flag=1;
 526   6         	   		            while(flag){
 527   7         	 				   	    sendframe();
 528   7         	   	    			    for(i=0;i<255;i++){
 529   8         	   	                        if(Receivedpc()){
 530   9      			                        if(PCbuf[2]==0xf0){
 531  10      					                    addr=PCbuf[1];
 532  10         					                    status=8;
 533  10      					                    sendframe();
 534  10      					                    write_eprom(63,(int)addr);
 535  10      					                    L1=L2=L3=L4=0;
 536  10      					                    status=0;
 537  10         	                     				flag=0;
 538  10         	                                    break;
 539  10      				                    }
 540   9      			                    }
 541   8                             			tdelay(1);
 542   8         	   	                    }
 543   7         	   	                }        
 544   6         	   	                break;
 545   6      					}
 546   5      					default:;
 547   5      				}
 548   4      			}
 549   3      				
 550   3      		}
 551   2      		if(kbhit()){
C51 COMPILER V5.10,  SN-  MC                                                               03/05/00  16:17:39  PAGE 10  

 552   3                  switch(getch()){
 553   4      				case k1:{
 554   5      					L1=1;
 555   5      					s1=s2=s3=0;
 556   5      					L2=L3=L4=0;
 557   5      					ch=1;
 558   5      					sendframe();
 559   5      					break;
 560   5      				}
 561   4      				case k2:{
 562   5      					L2=1;
 563   5      					L1=L3=L4=0;
 564   5      					s1=1;
 565   5      					s2=s3=0;
 566   5      					ch=2;
 567   5      					sendframe();
 568   5      					break;
 569   5      				}
 570   4      				case k3:{
 571   5      					L3=1;
 572   5      					L1=L2=L4=0;
 573   5      					s2=1;
 574   5      					s1=s3=0;
 575   5      					ch=3;
 576   5      					sendframe();
 577   5      					break;
 578   5      				}
 579   4      				case k4:{
 580   5      					L4=1;
 581   5      					L1=L2=L3=0;
 582   5      					s2=1;
 583   5      					s1=1;
 584   5      					s3=0;
 585   5      					ch=4;
 586   5      					sendframe();
 587   5      					break;
 588   5      				}
 589   4      				default:;
 590   4      			}
 591   3      		}
 592   2      	}
 593   1      }	
 594          
 595          void Write8250(unsigned char reg,unsigned char com)
 596          {
 597   1      	comport=0xf8|reg;
 598   1      	dataport=com;
 599   1      	cs8250=0;
 600   1      	WR=0;
 601   1      	WR=1;
 602   1      	cs8250=1;
 603   1      }
 604          
 605          unsigned char Read8250(unsigned char reg)
 606          {
 607   1      	unsigned char com;
 608   1      	dataport=0xff;
 609   1      	comport=0xf8|reg;
 610   1      	cs8250=0;
 611   1      	RD=0;
 612   1      	com=dataport;
 613   1      	RD=1;
C51 COMPILER V5.10,  SN-  MC                                                               03/05/00  16:17:39  PAGE 11  

 614   1      	cs8250=1;
 615   1      	return com;
 616   1      }
 617          
 618          unsigned char Receivedpc()
 619          {
 620   1      	static unsigned char pbuf[4],ppoint;
 621   1      	static bit rec;
 622   1      	unsigned char i;
 623   1      	if((Read8250(Linestatus)&1)==0x1){
 624   2      		i=Read8250(0);
 625   2      		if(i==0xab){
 626   3      			ppoint=0;
 627   3      			rec=0;
 628   3      		}
 629   2      		if(!rec){
 630   3      			pbuf[ppoint]=i;
 631   3      			ppoint++;
 632   3      			if(ppoint>=4){
 633   4      				if(pbuf[3]==0xcc){
 634   5      					PCbuf[1]=pbuf[1];
 635   5      					PCbuf[2]=pbuf[2];
 636   5      					ppoint=0;
 637   5      					rec=1;
 638   5      					return 1;
 639   5      				}
 640   4      			}
 641   3      		}
 642   2      	}
 643   1      	return 0;
 644   1      }
 645          
 646          void tdelay(unsigned char i)
 647          {
 648   1      	unsigned char j;
 649   1      	for(;i>0;i--){
 650   2      		for(j=0;j<100;j++);
 651   2      	}
 652   1      }
 653          
 654          void send(unsigned char com)
 655          {
 656   1      	while(!(Read8250(Linestatus)&0x20));
 657   1      	Write8250(0,com);
 658   1      }
 659          
 660          void sendframe(void)
 661          {
 662   1      	unsigned char checksum;
 663   1      	send(0xab);
 664   1      	checksum=0xab;
 665   1      	send(addr);
 666   1      	checksum+=addr;
 667   1      	send(num);
 668   1      	checksum+=num;
 669   1      	send(status);
 670   1      	checksum+=status;
 671   1      	send(baodao);
 672   1      	checksum+=baodao;
 673   1      	send(zancheng);
 674   1      	checksum+=zancheng;
 675   1      	send(fandui);
C51 COMPILER V5.10,  SN-  MC                                                               03/05/00  16:17:39  PAGE 12  

 676   1      	checksum+=fandui;
 677   1      	send(qiquan);
 678   1      	checksum+=qiquan;
 679   1      	send(weian);
 680   1      	checksum+=weian;
 681   1      	send(ch);
 682   1      	checksum+=ch;
 683   1      	send(checksum);	
 684   1      }
 685          


MODULE INFORMATION:   STATIC OVERLAYABLE
   CODE SIZE        =   1824    ----
   CONSTANT SIZE    =   ----    ----
   XDATA SIZE       =   ----    ----
   PDATA SIZE       =   ----    ----
   DATA SIZE        =     27      10
   IDATA SIZE       =   ----    ----
   BIT SIZE         =      4       1
END OF MODULE INFORMATION.


C51 COMPILATION COMPLETE.  0 WARNING(S),  0 ERROR(S)
